[ 2017-07-22T19:01:00+08:00 ] 127.0.0.1 /index.php?s=/Admin/Mine/index.html
SQL: SHOW COLUMNS FROM `onethink_menu` [ RunTime:0.016000s ]
SQL: SELECT * FROM `onethink_menu` WHERE ( `pid` = 0 ) AND ( `hide` = 0 ) ORDER BY sort asc  [ RunTime:0.016000s ]
SQL: SELECT `id` FROM `onethink_menu` WHERE ( url like '%Mine/index%' ) LIMIT 1   [ RunTime:0.015000s ]
SQL: SHOW COLUMNS FROM `onethink_menu` [ RunTime:0.015000s ]
SQL: SELECT `id`,`pid`,`title` FROM `onethink_menu` WHERE ( id=141 ) LIMIT 1   [ RunTime:0.015000s ]
SQL: SELECT `id`,`pid`,`title` FROM `onethink_menu` WHERE ( id=125 ) LIMIT 1   [ RunTime:0.015000s ]
SQL: SELECT DISTINCT  `group` FROM `onethink_menu` WHERE ( pid = 125 )  [ RunTime:0.015000s ]
SQL: SELECT `id`,`url` FROM `onethink_menu` WHERE ( `pid` = 125 ) AND ( `hide` = 0 )  [ RunTime:0.016000s ]
SQL: SELECT `id`,`pid`,`title`,`url`,`tip` FROM `onethink_menu` WHERE ( `group` = '审批管理' ) AND ( `pid` = 125 ) AND ( `hide` = 0 ) ORDER BY sort asc  [ RunTime:0.015000s ]
SQL: SELECT `id`,`pid`,`title`,`url`,`tip` FROM `onethink_menu` WHERE ( `group` = '我的' ) AND ( `pid` = 125 ) AND ( `hide` = 0 ) ORDER BY sort asc  [ RunTime:0.015000s ]
SQL: SHOW COLUMNS FROM `onethink_member` [ RunTime:0.016000s ]
SQL: SELECT COUNT(*) AS tp_count FROM `onethink_member` WHERE ( `status` >= 0 ) AND ( `nickname` LIKE '%%' ) LIMIT 1   [ RunTime:0.015000s ]
SQL: SELECT `uid`,`nickname`,`sex`,`birthday`,`qq`,`score`,`login`,`reg_ip`,`reg_time`,`last_login_ip`,`last_login_time`,`status` FROM `onethink_member` WHERE ( `status` >= 0 ) AND ( `nickname` LIKE '%%' ) ORDER BY uid desc LIMIT 0,10   [ RunTime:0.016000s ]
INFO: [ view_parse ] --START--
INFO: [ template_filter ] --START--
INFO: Run Behavior\ContentReplace [ RunTime:0.001000s ]
INFO: [ template_filter ] --END-- [ RunTime:0.001000s ]
NOTIC: [8] Undefined index: realname D:\phpStudy\WWW\ganen\oa\wwwroot\Runtime\Cache\Admin\41770d95bbb76781f72a771d9a998533.php 第 140 行.
NOTIC: [8] Undefined index: phone D:\phpStudy\WWW\ganen\oa\wwwroot\Runtime\Cache\Admin\41770d95bbb76781f72a771d9a998533.php 第 143 行.
NOTIC: [8] Undefined index: entrytime D:\phpStudy\WWW\ganen\oa\wwwroot\Runtime\Cache\Admin\41770d95bbb76781f72a771d9a998533.php 第 144 行.
NOTIC: [8] Undefined index: political D:\phpStudy\WWW\ganen\oa\wwwroot\Runtime\Cache\Admin\41770d95bbb76781f72a771d9a998533.php 第 145 行.
NOTIC: [8] Undefined index: topeducation D:\phpStudy\WWW\ganen\oa\wwwroot\Runtime\Cache\Admin\41770d95bbb76781f72a771d9a998533.php 第 146 行.
NOTIC: [8] Undefined index: major D:\phpStudy\WWW\ganen\oa\wwwroot\Runtime\Cache\Admin\41770d95bbb76781f72a771d9a998533.php 第 147 行.
NOTIC: [8] Undefined index: nation D:\phpStudy\WWW\ganen\oa\wwwroot\Runtime\Cache\Admin\41770d95bbb76781f72a771d9a998533.php 第 149 行.
NOTIC: [8] Undefined index: IDnumber D:\phpStudy\WWW\ganen\oa\wwwroot\Runtime\Cache\Admin\41770d95bbb76781f72a771d9a998533.php 第 150 行.
NOTIC: [8] Undefined index: matrimonial D:\phpStudy\WWW\ganen\oa\wwwroot\Runtime\Cache\Admin\41770d95bbb76781f72a771d9a998533.php 第 151 行.
NOTIC: [8] Undefined index: criticalname D:\phpStudy\WWW\ganen\oa\wwwroot\Runtime\Cache\Admin\41770d95bbb76781f72a771d9a998533.php 第 152 行.
NOTIC: [8] Undefined index: criticalphone D:\phpStudy\WWW\ganen\oa\wwwroot\Runtime\Cache\Admin\41770d95bbb76781f72a771d9a998533.php 第 152 行.
NOTIC: [8] Undefined index: nativeplace D:\phpStudy\WWW\ganen\oa\wwwroot\Runtime\Cache\Admin\41770d95bbb76781f72a771d9a998533.php 第 153 行.
NOTIC: [8] Undefined index: hobbies D:\phpStudy\WWW\ganen\oa\wwwroot\Runtime\Cache\Admin\41770d95bbb76781f72a771d9a998533.php 第 154 行.
NOTIC: [8] Undefined index: nowliveplace D:\phpStudy\WWW\ganen\oa\wwwroot\Runtime\Cache\Admin\41770d95bbb76781f72a771d9a998533.php 第 155 行.
NOTIC: [8] Undefined index: worktime D:\phpStudy\WWW\ganen\oa\wwwroot\Runtime\Cache\Admin\41770d95bbb76781f72a771d9a998533.php 第 156 行.
NOTIC: [8] Undefined index: trysalary D:\phpStudy\WWW\ganen\oa\wwwroot\Runtime\Cache\Admin\41770d95bbb76781f72a771d9a998533.php 第 157 行.
INFO: Run Behavior\ParseTemplate [ RunTime:0.013000s ]
INFO: [ view_parse ] --END-- [ RunTime:0.013000s ]
INFO: [ view_filter ] --START--
INFO: Run Behavior\WriteHtmlCache [ RunTime:0.001000s ]
INFO: [ view_filter ] --END-- [ RunTime:0.001000s ]
INFO: [ app_end ] --START--
INFO: Run Behavior\ShowPageTrace [ RunTime:0.001000s ]
INFO: [ app_end ] --END-- [ RunTime:0.001000s ]

[ 2017-07-22T19:01:23+08:00 ] 127.0.0.1 /index.php?s=/Admin/Mine/index.html
SQL: SHOW COLUMNS FROM `onethink_menu` [ RunTime:0.016000s ]
SQL: SELECT * FROM `onethink_menu` WHERE ( `pid` = 0 ) AND ( `hide` = 0 ) ORDER BY sort asc  [ RunTime:0.016000s ]
SQL: SELECT `id` FROM `onethink_menu` WHERE ( url like '%Mine/index%' ) LIMIT 1   [ RunTime:0.015000s ]
SQL: SHOW COLUMNS FROM `onethink_menu` [ RunTime:0.016000s ]
SQL: SELECT `id`,`pid`,`title` FROM `onethink_menu` WHERE ( id=141 ) LIMIT 1   [ RunTime:0.016000s ]
SQL: SELECT `id`,`pid`,`title` FROM `onethink_menu` WHERE ( id=125 ) LIMIT 1   [ RunTime:0.016000s ]
SQL: SELECT DISTINCT  `group` FROM `onethink_menu` WHERE ( pid = 125 )  [ RunTime:0.016000s ]
SQL: SELECT `id`,`url` FROM `onethink_menu` WHERE ( `pid` = 125 ) AND ( `hide` = 0 )  [ RunTime:0.016000s ]
SQL: SELECT `id`,`pid`,`title`,`url`,`tip` FROM `onethink_menu` WHERE ( `group` = '审批管理' ) AND ( `pid` = 125 ) AND ( `hide` = 0 ) ORDER BY sort asc  [ RunTime:0.016000s ]
SQL: SELECT `id`,`pid`,`title`,`url`,`tip` FROM `onethink_menu` WHERE ( `group` = '我的' ) AND ( `pid` = 125 ) AND ( `hide` = 0 ) ORDER BY sort asc  [ RunTime:0.016000s ]
SQL: SHOW COLUMNS FROM `onethink_member` [ RunTime:0.016000s ]
SQL: SELECT COUNT(*) AS tp_count FROM `onethink_member` WHERE ( `status` >= 0 ) AND ( `nickname` LIKE '%%' ) LIMIT 1   [ RunTime:0.016000s ]
SQL: SELECT `uid`,`nickname`,`sex`,`birthday`,`qq`,`score`,`login`,`reg_ip`,`reg_time`,`last_login_ip`,`last_login_time`,`status` FROM `onethink_member` WHERE ( `status` >= 0 ) AND ( `nickname` LIKE '%%' ) ORDER BY uid desc LIMIT 0,10   [ RunTime:0.016000s ]
INFO: [ view_parse ] --START--
INFO: [ template_filter ] --START--
INFO: Run Behavior\ContentReplace [ RunTime:0.000000s ]
INFO: [ template_filter ] --END-- [ RunTime:0.000000s ]
NOTIC: [8] Undefined index: aid D:\phpStudy\WWW\ganen\oa\wwwroot\Runtime\Cache\Admin\41770d95bbb76781f72a771d9a998533.php 第 128 行.
NOTIC: [8] Undefined index: name D:\phpStudy\WWW\ganen\oa\wwwroot\Runtime\Cache\Admin\41770d95bbb76781f72a771d9a998533.php 第 129 行.
NOTIC: [8] Undefined index: time D:\phpStudy\WWW\ganen\oa\wwwroot\Runtime\Cache\Admin\41770d95bbb76781f72a771d9a998533.php 第 130 行.
NOTIC: [8] Undefined index: atime D:\phpStudy\WWW\ganen\oa\wwwroot\Runtime\Cache\Admin\41770d95bbb76781f72a771d9a998533.php 第 131 行.
INFO: Run Behavior\ParseTemplate [ RunTime:0.011000s ]
INFO: [ view_parse ] --END-- [ RunTime:0.011000s ]
INFO: [ view_filter ] --START--
INFO: Run Behavior\WriteHtmlCache [ RunTime:0.000000s ]
INFO: [ view_filter ] --END-- [ RunTime:0.001000s ]
INFO: [ app_end ] --START--
INFO: Run Behavior\ShowPageTrace [ RunTime:0.000000s ]
INFO: [ app_end ] --END-- [ RunTime:0.001000s ]

[ 2017-07-22T19:01:25+08:00 ] 127.0.0.1 /index.php?s=/Admin/Mine/index.html
SQL: SHOW COLUMNS FROM `onethink_menu` [ RunTime:0.011000s ]
SQL: SELECT * FROM `onethink_menu` WHERE ( `pid` = 0 ) AND ( `hide` = 0 ) ORDER BY sort asc  [ RunTime:0.011000s ]
SQL: SELECT `id` FROM `onethink_menu` WHERE ( url like '%Mine/index%' ) LIMIT 1   [ RunTime:0.010000s ]
SQL: SHOW COLUMNS FROM `onethink_menu` [ RunTime:0.010000s ]
SQL: SELECT `id`,`pid`,`title` FROM `onethink_menu` WHERE ( id=141 ) LIMIT 1   [ RunTime:0.009000s ]
SQL: SELECT `id`,`pid`,`title` FROM `onethink_menu` WHERE ( id=125 ) LIMIT 1   [ RunTime:0.010000s ]
SQL: SELECT DISTINCT  `group` FROM `onethink_menu` WHERE ( pid = 125 )  [ RunTime:0.009000s ]
SQL: SELECT `id`,`url` FROM `onethink_menu` WHERE ( `pid` = 125 ) AND ( `hide` = 0 )  [ RunTime:0.009000s ]
SQL: SELECT `id`,`pid`,`title`,`url`,`tip` FROM `onethink_menu` WHERE ( `group` = '审批管理' ) AND ( `pid` = 125 ) AND ( `hide` = 0 ) ORDER BY sort asc  [ RunTime:0.010000s ]
SQL: SELECT `id`,`pid`,`title`,`url`,`tip` FROM `onethink_menu` WHERE ( `group` = '我的' ) AND ( `pid` = 125 ) AND ( `hide` = 0 ) ORDER BY sort asc  [ RunTime:0.009000s ]
SQL: SHOW COLUMNS FROM `onethink_member` [ RunTime:0.010000s ]
SQL: SELECT COUNT(*) AS tp_count FROM `onethink_member` WHERE ( `status` >= 0 ) AND ( `nickname` LIKE '%%' ) LIMIT 1   [ RunTime:0.010000s ]
SQL: SELECT `uid`,`nickname`,`sex`,`birthday`,`qq`,`score`,`login`,`reg_ip`,`reg_time`,`last_login_ip`,`last_login_time`,`status` FROM `onethink_member` WHERE ( `status` >= 0 ) AND ( `nickname` LIKE '%%' ) ORDER BY uid desc LIMIT 0,10   [ RunTime:0.009000s ]
INFO: [ view_parse ] --START--
INFO: [ template_filter ] --START--
INFO: Run Behavior\ContentReplace [ RunTime:0.001000s ]
INFO: [ template_filter ] --END-- [ RunTime:0.001000s ]
NOTIC: [8] Undefined index: aid D:\phpStudy\WWW\ganen\oa\wwwroot\Runtime\Cache\Admin\41770d95bbb76781f72a771d9a998533.php 第 128 行.
NOTIC: [8] Undefined index: name D:\phpStudy\WWW\ganen\oa\wwwroot\Runtime\Cache\Admin\41770d95bbb76781f72a771d9a998533.php 第 129 行.
NOTIC: [8] Undefined index: time D:\phpStudy\WWW\ganen\oa\wwwroot\Runtime\Cache\Admin\41770d95bbb76781f72a771d9a998533.php 第 130 行.
NOTIC: [8] Undefined index: atime D:\phpStudy\WWW\ganen\oa\wwwroot\Runtime\Cache\Admin\41770d95bbb76781f72a771d9a998533.php 第 131 行.
INFO: Run Behavior\ParseTemplate [ RunTime:0.013000s ]
INFO: [ view_parse ] --END-- [ RunTime:0.013000s ]
INFO: [ view_filter ] --START--
INFO: Run Behavior\WriteHtmlCache [ RunTime:0.001000s ]
INFO: [ view_filter ] --END-- [ RunTime:0.001000s ]
INFO: [ app_end ] --START--
INFO: Run Behavior\ShowPageTrace [ RunTime:0.001000s ]
INFO: [ app_end ] --END-- [ RunTime:0.001000s ]

[ 2017-07-22T19:01:26+08:00 ] 127.0.0.1 /index.php?s=/Admin/Mine/wait.html
SQL: SHOW COLUMNS FROM `onethink_menu` [ RunTime:0.015000s ]
SQL: SELECT * FROM `onethink_menu` WHERE ( `pid` = 0 ) AND ( `hide` = 0 ) ORDER BY sort asc  [ RunTime:0.014000s ]
SQL: SELECT `id` FROM `onethink_menu` WHERE ( url like '%Mine/wait%' ) LIMIT 1   [ RunTime:0.014000s ]
SQL: SHOW COLUMNS FROM `onethink_menu` [ RunTime:0.015000s ]
SQL: SELECT `id`,`pid`,`title` FROM `onethink_menu` WHERE ( id=142 ) LIMIT 1   [ RunTime:0.014000s ]
SQL: SELECT `id`,`pid`,`title` FROM `onethink_menu` WHERE ( id=125 ) LIMIT 1   [ RunTime:0.014000s ]
SQL: SELECT DISTINCT  `group` FROM `onethink_menu` WHERE ( pid = 125 )  [ RunTime:0.014000s ]
SQL: SELECT `id`,`url` FROM `onethink_menu` WHERE ( `pid` = 125 ) AND ( `hide` = 0 )  [ RunTime:0.014000s ]
SQL: SELECT `id`,`pid`,`title`,`url`,`tip` FROM `onethink_menu` WHERE ( `group` = '审批管理' ) AND ( `pid` = 125 ) AND ( `hide` = 0 ) ORDER BY sort asc  [ RunTime:0.014000s ]
SQL: SELECT `id`,`pid`,`title`,`url`,`tip` FROM `onethink_menu` WHERE ( `group` = '我的' ) AND ( `pid` = 125 ) AND ( `hide` = 0 ) ORDER BY sort asc  [ RunTime:0.014000s ]
INFO: [ view_parse ] --START--
INFO: [ template_filter ] --START--
INFO: Run Behavior\ContentReplace [ RunTime:0.000000s ]
INFO: [ template_filter ] --END-- [ RunTime:0.000000s ]
NOTIC: [8] Undefined variable: meta_title D:\phpStudy\WWW\ganen\oa\wwwroot\Runtime\Cache\Admin\b6707fcb29060a05d617055ff2367269.php 第 5 行.
NOTIC: [8] Undefined variable: _page D:\phpStudy\WWW\ganen\oa\wwwroot\Runtime\Cache\Admin\b6707fcb29060a05d617055ff2367269.php 第 147 行.
INFO: Run Behavior\ParseTemplate [ RunTime:0.013000s ]
INFO: [ view_parse ] --END-- [ RunTime:0.013000s ]
INFO: [ view_filter ] --START--
INFO: Run Behavior\WriteHtmlCache [ RunTime:0.001000s ]
INFO: [ view_filter ] --END-- [ RunTime:0.001000s ]
INFO: [ app_end ] --START--
INFO: Run Behavior\ShowPageTrace [ RunTime:0.000000s ]
INFO: [ app_end ] --END-- [ RunTime:0.000000s ]

[ 2017-07-22T19:01:27+08:00 ] 127.0.0.1 /index.php?s=/Admin/Mine/add.html
SQL: SHOW COLUMNS FROM `onethink_menu` [ RunTime:0.014000s ]
SQL: SELECT * FROM `onethink_menu` WHERE ( `pid` = 0 ) AND ( `hide` = 0 ) ORDER BY sort asc  [ RunTime:0.014000s ]
SQL: SELECT `id` FROM `onethink_menu` WHERE ( url like '%Mine/add%' ) LIMIT 1   [ RunTime:0.013000s ]
SQL: SHOW COLUMNS FROM `onethink_menu` [ RunTime:0.014000s ]
SQL: SELECT `id`,`pid`,`title` FROM `onethink_menu` WHERE ( id=154 ) LIMIT 1   [ RunTime:0.014000s ]
SQL: SELECT `id`,`pid`,`title` FROM `onethink_menu` WHERE ( id=125 ) LIMIT 1   [ RunTime:0.013000s ]
SQL: SELECT DISTINCT  `group` FROM `onethink_menu` WHERE ( pid = 125 )  [ RunTime:0.013000s ]
SQL: SELECT `id`,`url` FROM `onethink_menu` WHERE ( `pid` = 125 ) AND ( `hide` = 0 )  [ RunTime:0.014000s ]
SQL: SELECT `id`,`pid`,`title`,`url`,`tip` FROM `onethink_menu` WHERE ( `group` = '审批管理' ) AND ( `pid` = 125 ) AND ( `hide` = 0 ) ORDER BY sort asc  [ RunTime:0.014000s ]
SQL: SELECT `id`,`pid`,`title`,`url`,`tip` FROM `onethink_menu` WHERE ( `group` = '我的' ) AND ( `pid` = 125 ) AND ( `hide` = 0 ) ORDER BY sort asc  [ RunTime:0.014000s ]
SQL: SHOW COLUMNS FROM `onethink_department` [ RunTime:0.014000s ]
SQL: SELECT * FROM `onethink_department`  [ RunTime:0.014000s ]
SQL: SELECT * FROM `onethink_department`  [ RunTime:0.014000s ]
SQL: SHOW COLUMNS FROM `onethink_station` [ RunTime:0.014000s ]
SQL: SELECT * FROM `onethink_station`  [ RunTime:0.014000s ]
INFO: [ view_parse ] --START--
INFO: [ template_filter ] --START--
INFO: Run Behavior\ContentReplace [ RunTime:0.000000s ]
INFO: [ template_filter ] --END-- [ RunTime:0.000000s ]
NOTIC: [8] Undefined index: id D:\phpStudy\WWW\ganen\oa\wwwroot\Runtime\Cache\Admin\a54a8eda63e2f542a5fcbb12de89174e.php 第 89 行.
INFO: Run Behavior\ParseTemplate [ RunTime:0.009000s ]
INFO: [ view_parse ] --END-- [ RunTime:0.009000s ]
INFO: [ view_filter ] --START--
INFO: Run Behavior\WriteHtmlCache [ RunTime:0.001000s ]
INFO: [ view_filter ] --END-- [ RunTime:0.001000s ]
INFO: [ app_end ] --START--
INFO: Run Behavior\ShowPageTrace [ RunTime:0.001000s ]
INFO: [ app_end ] --END-- [ RunTime:0.001000s ]

[ 2017-07-22T19:01:28+08:00 ] 127.0.0.1 /index.php?s=/Admin/Mine/index.html
SQL: SHOW COLUMNS FROM `onethink_menu` [ RunTime:0.010000s ]
SQL: SELECT * FROM `onethink_menu` WHERE ( `pid` = 0 ) AND ( `hide` = 0 ) ORDER BY sort asc  [ RunTime:0.009000s ]
SQL: SELECT `id` FROM `onethink_menu` WHERE ( url like '%Mine/index%' ) LIMIT 1   [ RunTime:0.009000s ]
SQL: SHOW COLUMNS FROM `onethink_menu` [ RunTime:0.010000s ]
SQL: SELECT `id`,`pid`,`title` FROM `onethink_menu` WHERE ( id=141 ) LIMIT 1   [ RunTime:0.009000s ]
SQL: SELECT `id`,`pid`,`title` FROM `onethink_menu` WHERE ( id=125 ) LIMIT 1   [ RunTime:0.010000s ]
SQL: SELECT DISTINCT  `group` FROM `onethink_menu` WHERE ( pid = 125 )  [ RunTime:0.009000s ]
SQL: SELECT `id`,`url` FROM `onethink_menu` WHERE ( `pid` = 125 ) AND ( `hide` = 0 )  [ RunTime:0.009000s ]
SQL: SELECT `id`,`pid`,`title`,`url`,`tip` FROM `onethink_menu` WHERE ( `group` = '审批管理' ) AND ( `pid` = 125 ) AND ( `hide` = 0 ) ORDER BY sort asc  [ RunTime:0.009000s ]
SQL: SELECT `id`,`pid`,`title`,`url`,`tip` FROM `onethink_menu` WHERE ( `group` = '我的' ) AND ( `pid` = 125 ) AND ( `hide` = 0 ) ORDER BY sort asc  [ RunTime:0.009000s ]
SQL: SHOW COLUMNS FROM `onethink_member` [ RunTime:0.010000s ]
SQL: SELECT COUNT(*) AS tp_count FROM `onethink_member` WHERE ( `status` >= 0 ) AND ( `nickname` LIKE '%%' ) LIMIT 1   [ RunTime:0.009000s ]
SQL: SELECT `uid`,`nickname`,`sex`,`birthday`,`qq`,`score`,`login`,`reg_ip`,`reg_time`,`last_login_ip`,`last_login_time`,`status` FROM `onethink_member` WHERE ( `status` >= 0 ) AND ( `nickname` LIKE '%%' ) ORDER BY uid desc LIMIT 0,10   [ RunTime:0.009000s ]
INFO: [ view_parse ] --START--
INFO: [ template_filter ] --START--
INFO: Run Behavior\ContentReplace [ RunTime:0.000000s ]
INFO: [ template_filter ] --END-- [ RunTime:0.000000s ]
NOTIC: [8] Undefined index: aid D:\phpStudy\WWW\ganen\oa\wwwroot\Runtime\Cache\Admin\41770d95bbb76781f72a771d9a998533.php 第 128 行.
NOTIC: [8] Undefined index: name D:\phpStudy\WWW\ganen\oa\wwwroot\Runtime\Cache\Admin\41770d95bbb76781f72a771d9a998533.php 第 129 行.
NOTIC: [8] Undefined index: time D:\phpStudy\WWW\ganen\oa\wwwroot\Runtime\Cache\Admin\41770d95bbb76781f72a771d9a998533.php 第 130 行.
NOTIC: [8] Undefined index: atime D:\phpStudy\WWW\ganen\oa\wwwroot\Runtime\Cache\Admin\41770d95bbb76781f72a771d9a998533.php 第 131 行.
INFO: Run Behavior\ParseTemplate [ RunTime:0.012000s ]
INFO: [ view_parse ] --END-- [ RunTime:0.012000s ]
INFO: [ view_filter ] --START--
INFO: Run Behavior\WriteHtmlCache [ RunTime:0.000000s ]
INFO: [ view_filter ] --END-- [ RunTime:0.000000s ]
INFO: [ app_end ] --START--
INFO: Run Behavior\ShowPageTrace [ RunTime:0.001000s ]
INFO: [ app_end ] --END-- [ RunTime:0.001000s ]

[ 2017-07-22T19:01:31+08:00 ] 127.0.0.1 /index.php?s=/Admin/Mine/wait.html
SQL: SHOW COLUMNS FROM `onethink_menu` [ RunTime:0.014000s ]
SQL: SELECT * FROM `onethink_menu` WHERE ( `pid` = 0 ) AND ( `hide` = 0 ) ORDER BY sort asc  [ RunTime:0.014000s ]
SQL: SELECT `id` FROM `onethink_menu` WHERE ( url like '%Mine/wait%' ) LIMIT 1   [ RunTime:0.013000s ]
SQL: SHOW COLUMNS FROM `onethink_menu` [ RunTime:0.014000s ]
SQL: SELECT `id`,`pid`,`title` FROM `onethink_menu` WHERE ( id=142 ) LIMIT 1   [ RunTime:0.014000s ]
SQL: SELECT `id`,`pid`,`title` FROM `onethink_menu` WHERE ( id=125 ) LIMIT 1   [ RunTime:0.013000s ]
SQL: SELECT DISTINCT  `group` FROM `onethink_menu` WHERE ( pid = 125 )  [ RunTime:0.013000s ]
SQL: SELECT `id`,`url` FROM `onethink_menu` WHERE ( `pid` = 125 ) AND ( `hide` = 0 )  [ RunTime:0.014000s ]
SQL: SELECT `id`,`pid`,`title`,`url`,`tip` FROM `onethink_menu` WHERE ( `group` = '审批管理' ) AND ( `pid` = 125 ) AND ( `hide` = 0 ) ORDER BY sort asc  [ RunTime:0.014000s ]
SQL: SELECT `id`,`pid`,`title`,`url`,`tip` FROM `onethink_menu` WHERE ( `group` = '我的' ) AND ( `pid` = 125 ) AND ( `hide` = 0 ) ORDER BY sort asc  [ RunTime:0.014000s ]
INFO: [ view_parse ] --START--
INFO: [ template_filter ] --START--
INFO: Run Behavior\ContentReplace [ RunTime:0.001000s ]
INFO: [ template_filter ] --END-- [ RunTime:0.001000s ]
NOTIC: [8] Undefined variable: meta_title D:\phpStudy\WWW\ganen\oa\wwwroot\Runtime\Cache\Admin\b6707fcb29060a05d617055ff2367269.php 第 5 行.
NOTIC: [8] Undefined variable: _page D:\phpStudy\WWW\ganen\oa\wwwroot\Runtime\Cache\Admin\b6707fcb29060a05d617055ff2367269.php 第 147 行.
INFO: Run Behavior\ParseTemplate [ RunTime:0.013000s ]
INFO: [ view_parse ] --END-- [ RunTime:0.013000s ]
INFO: [ view_filter ] --START--
INFO: Run Behavior\WriteHtmlCache [ RunTime:0.000000s ]
INFO: [ view_filter ] --END-- [ RunTime:0.000000s ]
INFO: [ app_end ] --START--
INFO: Run Behavior\ShowPageTrace [ RunTime:0.001000s ]
INFO: [ app_end ] --END-- [ RunTime:0.001000s ]

[ 2017-07-22T19:01:32+08:00 ] 127.0.0.1 /index.php?s=/Admin/Mine/add.html
SQL: SHOW COLUMNS FROM `onethink_menu` [ RunTime:0.012000s ]
SQL: SELECT * FROM `onethink_menu` WHERE ( `pid` = 0 ) AND ( `hide` = 0 ) ORDER BY sort asc  [ RunTime:0.011000s ]
SQL: SELECT `id` FROM `onethink_menu` WHERE ( url like '%Mine/add%' ) LIMIT 1   [ RunTime:0.011000s ]
SQL: SHOW COLUMNS FROM `onethink_menu` [ RunTime:0.012000s ]
SQL: SELECT `id`,`pid`,`title` FROM `onethink_menu` WHERE ( id=154 ) LIMIT 1   [ RunTime:0.011000s ]
SQL: SELECT `id`,`pid`,`title` FROM `onethink_menu` WHERE ( id=125 ) LIMIT 1   [ RunTime:0.011000s ]
SQL: SELECT DISTINCT  `group` FROM `onethink_menu` WHERE ( pid = 125 )  [ RunTime:0.011000s ]
SQL: SELECT `id`,`url` FROM `onethink_menu` WHERE ( `pid` = 125 ) AND ( `hide` = 0 )  [ RunTime:0.011000s ]
SQL: SELECT `id`,`pid`,`title`,`url`,`tip` FROM `onethink_menu` WHERE ( `group` = '审批管理' ) AND ( `pid` = 125 ) AND ( `hide` = 0 ) ORDER BY sort asc  [ RunTime:0.011000s ]
SQL: SELECT `id`,`pid`,`title`,`url`,`tip` FROM `onethink_menu` WHERE ( `group` = '我的' ) AND ( `pid` = 125 ) AND ( `hide` = 0 ) ORDER BY sort asc  [ RunTime:0.011000s ]
SQL: SHOW COLUMNS FROM `onethink_department` [ RunTime:0.012000s ]
SQL: SELECT * FROM `onethink_department`  [ RunTime:0.011000s ]
SQL: SELECT * FROM `onethink_department`  [ RunTime:0.013000s ]
SQL: SHOW COLUMNS FROM `onethink_station` [ RunTime:0.012000s ]
SQL: SELECT * FROM `onethink_station`  [ RunTime:0.013000s ]
INFO: [ view_parse ] --START--
INFO: [ template_filter ] --START--
INFO: Run Behavior\ContentReplace [ RunTime:0.001000s ]
INFO: [ template_filter ] --END-- [ RunTime:0.001000s ]
NOTIC: [8] Undefined index: id D:\phpStudy\WWW\ganen\oa\wwwroot\Runtime\Cache\Admin\a54a8eda63e2f542a5fcbb12de89174e.php 第 89 行.
INFO: Run Behavior\ParseTemplate [ RunTime:0.012000s ]
INFO: [ view_parse ] --END-- [ RunTime:0.012000s ]
INFO: [ view_filter ] --START--
INFO: Run Behavior\WriteHtmlCache [ RunTime:0.000000s ]
INFO: [ view_filter ] --END-- [ RunTime:0.000000s ]
INFO: [ app_end ] --START--
INFO: Run Behavior\ShowPageTrace [ RunTime:0.001000s ]
INFO: [ app_end ] --END-- [ RunTime:0.001000s ]

[ 2017-07-22T19:01:34+08:00 ] 127.0.0.1 /index.php?s=/Admin/Mine/index.html
SQL: SHOW COLUMNS FROM `onethink_menu` [ RunTime:0.012000s ]
SQL: SELECT * FROM `onethink_menu` WHERE ( `pid` = 0 ) AND ( `hide` = 0 ) ORDER BY sort asc  [ RunTime:0.011000s ]
SQL: SELECT `id` FROM `onethink_menu` WHERE ( url like '%Mine/index%' ) LIMIT 1   [ RunTime:0.011000s ]
SQL: SHOW COLUMNS FROM `onethink_menu` [ RunTime:0.011000s ]
SQL: SELECT `id`,`pid`,`title` FROM `onethink_menu` WHERE ( id=141 ) LIMIT 1   [ RunTime:0.011000s ]
SQL: SELECT `id`,`pid`,`title` FROM `onethink_menu` WHERE ( id=125 ) LIMIT 1   [ RunTime:0.011000s ]
SQL: SELECT DISTINCT  `group` FROM `onethink_menu` WHERE ( pid = 125 )  [ RunTime:0.011000s ]
SQL: SELECT `id`,`url` FROM `onethink_menu` WHERE ( `pid` = 125 ) AND ( `hide` = 0 )  [ RunTime:0.011000s ]
SQL: SELECT `id`,`pid`,`title`,`url`,`tip` FROM `onethink_menu` WHERE ( `group` = '审批管理' ) AND ( `pid` = 125 ) AND ( `hide` = 0 ) ORDER BY sort asc  [ RunTime:0.011000s ]
SQL: SELECT `id`,`pid`,`title`,`url`,`tip` FROM `onethink_menu` WHERE ( `group` = '我的' ) AND ( `pid` = 125 ) AND ( `hide` = 0 ) ORDER BY sort asc  [ RunTime:0.012000s ]
SQL: SHOW COLUMNS FROM `onethink_member` [ RunTime:0.012000s ]
SQL: SELECT COUNT(*) AS tp_count FROM `onethink_member` WHERE ( `status` >= 0 ) AND ( `nickname` LIKE '%%' ) LIMIT 1   [ RunTime:0.011000s ]
SQL: SELECT `uid`,`nickname`,`sex`,`birthday`,`qq`,`score`,`login`,`reg_ip`,`reg_time`,`last_login_ip`,`last_login_time`,`status` FROM `onethink_member` WHERE ( `status` >= 0 ) AND ( `nickname` LIKE '%%' ) ORDER BY uid desc LIMIT 0,10   [ RunTime:0.011000s ]
INFO: [ view_parse ] --START--
INFO: [ template_filter ] --START--
INFO: Run Behavior\ContentReplace [ RunTime:0.000000s ]
INFO: [ template_filter ] --END-- [ RunTime:0.000000s ]
NOTIC: [8] Undefined index: aid D:\phpStudy\WWW\ganen\oa\wwwroot\Runtime\Cache\Admin\41770d95bbb76781f72a771d9a998533.php 第 128 行.
NOTIC: [8] Undefined index: name D:\phpStudy\WWW\ganen\oa\wwwroot\Runtime\Cache\Admin\41770d95bbb76781f72a771d9a998533.php 第 129 行.
NOTIC: [8] Undefined index: time D:\phpStudy\WWW\ganen\oa\wwwroot\Runtime\Cache\Admin\41770d95bbb76781f72a771d9a998533.php 第 130 行.
NOTIC: [8] Undefined index: atime D:\phpStudy\WWW\ganen\oa\wwwroot\Runtime\Cache\Admin\41770d95bbb76781f72a771d9a998533.php 第 131 行.
INFO: Run Behavior\ParseTemplate [ RunTime:0.012000s ]
INFO: [ view_parse ] --END-- [ RunTime:0.012000s ]
INFO: [ view_filter ] --START--
INFO: Run Behavior\WriteHtmlCache [ RunTime:0.000000s ]
INFO: [ view_filter ] --END-- [ RunTime:0.000000s ]
INFO: [ app_end ] --START--
INFO: Run Behavior\ShowPageTrace [ RunTime:0.001000s ]
INFO: [ app_end ] --END-- [ RunTime:0.001000s ]

[ 2017-07-22T19:01:37+08:00 ] 127.0.0.1 /index.php?s=/Admin/Team/index.html
SQL: SHOW COLUMNS FROM `onethink_menu` [ RunTime:0.009000s ]
SQL: SELECT * FROM `onethink_menu` WHERE ( `pid` = 0 ) AND ( `hide` = 0 ) ORDER BY sort asc  [ RunTime:0.009000s ]
SQL: SELECT `id` FROM `onethink_menu` WHERE ( url like '%Team/index%' ) LIMIT 1   [ RunTime:0.009000s ]
SQL: SHOW COLUMNS FROM `onethink_menu` [ RunTime:0.009000s ]
SQL: SELECT `id`,`pid`,`title` FROM `onethink_menu` WHERE ( id=143 ) LIMIT 1   [ RunTime:0.009000s ]
SQL: SELECT DISTINCT  `group` FROM `onethink_menu` WHERE ( pid = 143 )  [ RunTime:0.009000s ]
SQL: SELECT `id`,`url` FROM `onethink_menu` WHERE ( `pid` = 143 ) AND ( `hide` = 0 )  [ RunTime:0.009000s ]
SQL: SELECT `id`,`pid`,`title`,`url`,`tip` FROM `onethink_menu` WHERE ( `group` = '我的项目' ) AND ( `pid` = 143 ) AND ( `hide` = 0 ) ORDER BY sort asc  [ RunTime:0.010000s ]
SQL: SELECT `id`,`pid`,`title`,`url`,`tip` FROM `onethink_menu` WHERE ( `group` = '项目信息' ) AND ( `pid` = 143 ) AND ( `hide` = 0 ) ORDER BY sort asc  [ RunTime:0.010000s ]
SQL: SHOW COLUMNS FROM `onethink_member` [ RunTime:0.010000s ]
SQL: SELECT COUNT(*) AS tp_count FROM `onethink_member` WHERE ( `status` >= 0 ) AND ( `nickname` LIKE '%%' ) LIMIT 1   [ RunTime:0.011000s ]
SQL: SELECT `uid`,`nickname`,`sex`,`birthday`,`qq`,`score`,`login`,`reg_ip`,`reg_time`,`last_login_ip`,`last_login_time`,`status` FROM `onethink_member` WHERE ( `status` >= 0 ) AND ( `nickname` LIKE '%%' ) ORDER BY uid desc LIMIT 0,10   [ RunTime:0.009000s ]
INFO: [ view_parse ] --START--
INFO: [ template_filter ] --START--
INFO: Run Behavior\ContentReplace [ RunTime:0.000000s ]
INFO: [ template_filter ] --END-- [ RunTime:0.000000s ]
NOTIC: [8] Undefined index: realname D:\phpStudy\WWW\ganen\oa\wwwroot\Runtime\Cache\Admin\54987056b783d0941793fefa50915f61.php 第 140 行.
NOTIC: [8] Undefined index: phone D:\phpStudy\WWW\ganen\oa\wwwroot\Runtime\Cache\Admin\54987056b783d0941793fefa50915f61.php 第 143 行.
NOTIC: [8] Undefined index: entrytime D:\phpStudy\WWW\ganen\oa\wwwroot\Runtime\Cache\Admin\54987056b783d0941793fefa50915f61.php 第 144 行.
NOTIC: [8] Undefined index: political D:\phpStudy\WWW\ganen\oa\wwwroot\Runtime\Cache\Admin\54987056b783d0941793fefa50915f61.php 第 145 行.
NOTIC: [8] Undefined index: topeducation D:\phpStudy\WWW\ganen\oa\wwwroot\Runtime\Cache\Admin\54987056b783d0941793fefa50915f61.php 第 146 行.
NOTIC: [8] Undefined index: major D:\phpStudy\WWW\ganen\oa\wwwroot\Runtime\Cache\Admin\54987056b783d0941793fefa50915f61.php 第 147 行.
NOTIC: [8] Undefined index: nation D:\phpStudy\WWW\ganen\oa\wwwroot\Runtime\Cache\Admin\54987056b783d0941793fefa50915f61.php 第 149 行.
NOTIC: [8] Undefined index: IDnumber D:\phpStudy\WWW\ganen\oa\wwwroot\Runtime\Cache\Admin\54987056b783d0941793fefa50915f61.php 第 150 行.
NOTIC: [8] Undefined index: matrimonial D:\phpStudy\WWW\ganen\oa\wwwroot\Runtime\Cache\Admin\54987056b783d0941793fefa50915f61.php 第 151 行.
NOTIC: [8] Undefined index: criticalname D:\phpStudy\WWW\ganen\oa\wwwroot\Runtime\Cache\Admin\54987056b783d0941793fefa50915f61.php 第 152 行.
NOTIC: [8] Undefined index: criticalphone D:\phpStudy\WWW\ganen\oa\wwwroot\Runtime\Cache\Admin\54987056b783d0941793fefa50915f61.php 第 152 行.
NOTIC: [8] Undefined index: nativeplace D:\phpStudy\WWW\ganen\oa\wwwroot\Runtime\Cache\Admin\54987056b783d0941793fefa50915f61.php 第 153 行.
NOTIC: [8] Undefined index: hobbies D:\phpStudy\WWW\ganen\oa\wwwroot\Runtime\Cache\Admin\54987056b783d0941793fefa50915f61.php 第 154 行.
NOTIC: [8] Undefined index: nowliveplace D:\phpStudy\WWW\ganen\oa\wwwroot\Runtime\Cache\Admin\54987056b783d0941793fefa50915f61.php 第 155 行.
NOTIC: [8] Undefined index: worktime D:\phpStudy\WWW\ganen\oa\wwwroot\Runtime\Cache\Admin\54987056b783d0941793fefa50915f61.php 第 156 行.
NOTIC: [8] Undefined index: trysalary D:\phpStudy\WWW\ganen\oa\wwwroot\Runtime\Cache\Admin\54987056b783d0941793fefa50915f61.php 第 157 行.
INFO: Run Behavior\ParseTemplate [ RunTime:0.014000s ]
INFO: [ view_parse ] --END-- [ RunTime:0.014000s ]
INFO: [ view_filter ] --START--
INFO: Run Behavior\WriteHtmlCache [ RunTime:0.000000s ]
INFO: [ view_filter ] --END-- [ RunTime:0.000000s ]
INFO: [ app_end ] --START--
INFO: Run Behavior\ShowPageTrace [ RunTime:0.000000s ]
INFO: [ app_end ] --END-- [ RunTime:0.000000s ]

[ 2017-07-22T19:01:39+08:00 ] 127.0.0.1 /index.php?s=/Admin/Team/add.html
SQL: SHOW COLUMNS FROM `onethink_menu` [ RunTime:0.011000s ]
SQL: SELECT * FROM `onethink_menu` WHERE ( `pid` = 0 ) AND ( `hide` = 0 ) ORDER BY sort asc  [ RunTime:0.010000s ]
SQL: SELECT `id` FROM `onethink_menu` WHERE ( url like '%Team/add%' ) LIMIT 1   [ RunTime:0.010000s ]
SQL: SHOW COLUMNS FROM `onethink_menu` [ RunTime:0.011000s ]
SQL: SELECT `id`,`pid`,`title` FROM `onethink_menu` WHERE ( id=146 ) LIMIT 1   [ RunTime:0.011000s ]
SQL: SELECT `id`,`pid`,`title` FROM `onethink_menu` WHERE ( id=143 ) LIMIT 1   [ RunTime:0.010000s ]
SQL: SELECT DISTINCT  `group` FROM `onethink_menu` WHERE ( pid = 143 )  [ RunTime:0.011000s ]
SQL: SELECT `id`,`url` FROM `onethink_menu` WHERE ( `pid` = 143 ) AND ( `hide` = 0 )  [ RunTime:0.011000s ]
SQL: SELECT `id`,`pid`,`title`,`url`,`tip` FROM `onethink_menu` WHERE ( `group` = '我的项目' ) AND ( `pid` = 143 ) AND ( `hide` = 0 ) ORDER BY sort asc  [ RunTime:0.011000s ]
SQL: SELECT `id`,`pid`,`title`,`url`,`tip` FROM `onethink_menu` WHERE ( `group` = '项目信息' ) AND ( `pid` = 143 ) AND ( `hide` = 0 ) ORDER BY sort asc  [ RunTime:0.010000s ]
SQL: SHOW COLUMNS FROM `onethink_department` [ RunTime:0.011000s ]
SQL: SELECT * FROM `onethink_department`  [ RunTime:0.010000s ]
SQL: SELECT * FROM `onethink_department`  [ RunTime:0.011000s ]
SQL: SHOW COLUMNS FROM `onethink_station` [ RunTime:0.012000s ]
SQL: SELECT * FROM `onethink_station`  [ RunTime:0.011000s ]
INFO: [ view_parse ] --START--
INFO: [ template_filter ] --START--
INFO: Run Behavior\ContentReplace [ RunTime:0.000000s ]
INFO: [ template_filter ] --END-- [ RunTime:0.000000s ]
NOTIC: [8] Undefined index: id D:\phpStudy\WWW\ganen\oa\wwwroot\Runtime\Cache\Admin\3ce07990352f1109b6a2ae1f29a78872.php 第 89 行.
NOTIC: [8] Undefined variable: find D:\phpStudy\WWW\ganen\oa\wwwroot\Runtime\Cache\Admin\3ce07990352f1109b6a2ae1f29a78872.php 第 97 行.
NOTIC: [8] Undefined variable: find D:\phpStudy\WWW\ganen\oa\wwwroot\Runtime\Cache\Admin\3ce07990352f1109b6a2ae1f29a78872.php 第 102 行.
NOTIC: [8] Undefined variable: find D:\phpStudy\WWW\ganen\oa\wwwroot\Runtime\Cache\Admin\3ce07990352f1109b6a2ae1f29a78872.php 第 107 行.
NOTIC: [8] Undefined variable: find D:\phpStudy\WWW\ganen\oa\wwwroot\Runtime\Cache\Admin\3ce07990352f1109b6a2ae1f29a78872.php 第 112 行.
NOTIC: [8] Undefined variable: find D:\phpStudy\WWW\ganen\oa\wwwroot\Runtime\Cache\Admin\3ce07990352f1109b6a2ae1f29a78872.php 第 117 行.
INFO: Run Behavior\ParseTemplate [ RunTime:0.013000s ]
INFO: [ view_parse ] --END-- [ RunTime:0.013000s ]
INFO: [ view_filter ] --START--
INFO: Run Behavior\WriteHtmlCache [ RunTime:0.000000s ]
INFO: [ view_filter ] --END-- [ RunTime:0.000000s ]
INFO: [ app_end ] --START--
INFO: Run Behavior\ShowPageTrace [ RunTime:0.001000s ]
INFO: [ app_end ] --END-- [ RunTime:0.001000s ]

[ 2017-07-22T19:01:40+08:00 ] 127.0.0.1 /index.php?s=/Admin/Team/list.html
SQL: SHOW COLUMNS FROM `onethink_menu` [ RunTime:0.016000s ]
SQL: SELECT * FROM `onethink_menu` WHERE ( `pid` = 0 ) AND ( `hide` = 0 ) ORDER BY sort asc  [ RunTime:0.015000s ]
SQL: SELECT `id` FROM `onethink_menu` WHERE ( url like '%Team/list%' ) LIMIT 1   [ RunTime:0.018000s ]
SQL: SHOW COLUMNS FROM `onethink_menu` [ RunTime:0.015000s ]
SQL: SELECT `id`,`pid`,`title` FROM `onethink_menu` WHERE ( id=147 ) LIMIT 1   [ RunTime:0.015000s ]
SQL: SELECT `id`,`pid`,`title` FROM `onethink_menu` WHERE ( id=143 ) LIMIT 1   [ RunTime:0.015000s ]
SQL: SELECT DISTINCT  `group` FROM `onethink_menu` WHERE ( pid = 143 )  [ RunTime:0.015000s ]
SQL: SELECT `id`,`url` FROM `onethink_menu` WHERE ( `pid` = 143 ) AND ( `hide` = 0 )  [ RunTime:0.015000s ]
SQL: SELECT `id`,`pid`,`title`,`url`,`tip` FROM `onethink_menu` WHERE ( `group` = '我的项目' ) AND ( `pid` = 143 ) AND ( `hide` = 0 ) ORDER BY sort asc  [ RunTime:0.015000s ]
SQL: SELECT `id`,`pid`,`title`,`url`,`tip` FROM `onethink_menu` WHERE ( `group` = '项目信息' ) AND ( `pid` = 143 ) AND ( `hide` = 0 ) ORDER BY sort asc  [ RunTime:0.014000s ]
INFO: [ view_parse ] --START--
INFO: [ template_filter ] --START--
INFO: Run Behavior\ContentReplace [ RunTime:0.000000s ]
INFO: [ template_filter ] --END-- [ RunTime:0.000000s ]
NOTIC: [8] Undefined variable: meta_title D:\phpStudy\WWW\ganen\oa\wwwroot\Runtime\Cache\Admin\a48b53773e2f919fc97a5c29bd441acd.php 第 5 行.
NOTIC: [8] Undefined variable: _page D:\phpStudy\WWW\ganen\oa\wwwroot\Runtime\Cache\Admin\a48b53773e2f919fc97a5c29bd441acd.php 第 149 行.
INFO: Run Behavior\ParseTemplate [ RunTime:0.014000s ]
INFO: [ view_parse ] --END-- [ RunTime:0.014000s ]
INFO: [ view_filter ] --START--
INFO: Run Behavior\WriteHtmlCache [ RunTime:0.000000s ]
INFO: [ view_filter ] --END-- [ RunTime:0.000000s ]
INFO: [ app_end ] --START--
INFO: Run Behavior\ShowPageTrace [ RunTime:0.001000s ]
INFO: [ app_end ] --END-- [ RunTime:0.001000s ]

[ 2017-07-22T19:02:10+08:00 ] 127.0.0.1 /index.php?s=/Admin/Team/add.html
SQL: SHOW COLUMNS FROM `onethink_menu` [ RunTime:0.017000s ]
SQL: SELECT * FROM `onethink_menu` WHERE ( `pid` = 0 ) AND ( `hide` = 0 ) ORDER BY sort asc  [ RunTime:0.010000s ]
SQL: SELECT `id` FROM `onethink_menu` WHERE ( url like '%Team/add%' ) LIMIT 1   [ RunTime:0.009000s ]
SQL: SHOW COLUMNS FROM `onethink_menu` [ RunTime:0.010000s ]
SQL: SELECT `id`,`pid`,`title` FROM `onethink_menu` WHERE ( id=146 ) LIMIT 1   [ RunTime:0.010000s ]
SQL: SELECT `id`,`pid`,`title` FROM `onethink_menu` WHERE ( id=143 ) LIMIT 1   [ RunTime:0.009000s ]
SQL: SELECT DISTINCT  `group` FROM `onethink_menu` WHERE ( pid = 143 )  [ RunTime:0.009000s ]
SQL: SELECT `id`,`url` FROM `onethink_menu` WHERE ( `pid` = 143 ) AND ( `hide` = 0 )  [ RunTime:0.009000s ]
SQL: SELECT `id`,`pid`,`title`,`url`,`tip` FROM `onethink_menu` WHERE ( `group` = '我的项目' ) AND ( `pid` = 143 ) AND ( `hide` = 0 ) ORDER BY sort asc  [ RunTime:0.009000s ]
SQL: SELECT `id`,`pid`,`title`,`url`,`tip` FROM `onethink_menu` WHERE ( `group` = '项目信息' ) AND ( `pid` = 143 ) AND ( `hide` = 0 ) ORDER BY sort asc  [ RunTime:0.010000s ]
SQL: SHOW COLUMNS FROM `onethink_department` [ RunTime:0.009000s ]
SQL: SELECT * FROM `onethink_department`  [ RunTime:0.010000s ]
SQL: SELECT * FROM `onethink_department`  [ RunTime:0.009000s ]
SQL: SHOW COLUMNS FROM `onethink_station` [ RunTime:0.010000s ]
SQL: SELECT * FROM `onethink_station`  [ RunTime:0.010000s ]
INFO: [ view_parse ] --START--
INFO: [ template_filter ] --START--
INFO: Run Behavior\ContentReplace [ RunTime:0.000000s ]
INFO: [ template_filter ] --END-- [ RunTime:0.000000s ]
NOTIC: [8] Undefined index: id D:\phpStudy\WWW\ganen\oa\wwwroot\Runtime\Cache\Admin\3ce07990352f1109b6a2ae1f29a78872.php 第 89 行.
NOTIC: [8] Undefined variable: find D:\phpStudy\WWW\ganen\oa\wwwroot\Runtime\Cache\Admin\3ce07990352f1109b6a2ae1f29a78872.php 第 97 行.
NOTIC: [8] Undefined variable: find D:\phpStudy\WWW\ganen\oa\wwwroot\Runtime\Cache\Admin\3ce07990352f1109b6a2ae1f29a78872.php 第 102 行.
NOTIC: [8] Undefined variable: find D:\phpStudy\WWW\ganen\oa\wwwroot\Runtime\Cache\Admin\3ce07990352f1109b6a2ae1f29a78872.php 第 107 行.
NOTIC: [8] Undefined variable: find D:\phpStudy\WWW\ganen\oa\wwwroot\Runtime\Cache\Admin\3ce07990352f1109b6a2ae1f29a78872.php 第 112 行.
NOTIC: [8] Undefined variable: find D:\phpStudy\WWW\ganen\oa\wwwroot\Runtime\Cache\Admin\3ce07990352f1109b6a2ae1f29a78872.php 第 117 行.
INFO: Run Behavior\ParseTemplate [ RunTime:0.012000s ]
INFO: [ view_parse ] --END-- [ RunTime:0.012000s ]
INFO: [ view_filter ] --START--
INFO: Run Behavior\WriteHtmlCache [ RunTime:0.000000s ]
INFO: [ view_filter ] --END-- [ RunTime:0.000000s ]
INFO: [ app_end ] --START--
INFO: Run Behavior\ShowPageTrace [ RunTime:0.001000s ]
INFO: [ app_end ] --END-- [ RunTime:0.001000s ]

[ 2017-07-22T19:02:12+08:00 ] 127.0.0.1 /index.php?s=/Admin/Team/list.html
SQL: SHOW COLUMNS FROM `onethink_menu` [ RunTime:0.012000s ]
SQL: SELECT * FROM `onethink_menu` WHERE ( `pid` = 0 ) AND ( `hide` = 0 ) ORDER BY sort asc  [ RunTime:0.011000s ]
SQL: SELECT `id` FROM `onethink_menu` WHERE ( url like '%Team/list%' ) LIMIT 1   [ RunTime:0.011000s ]
SQL: SHOW COLUMNS FROM `onethink_menu` [ RunTime:0.013000s ]
SQL: SELECT `id`,`pid`,`title` FROM `onethink_menu` WHERE ( id=147 ) LIMIT 1   [ RunTime:0.012000s ]
SQL: SELECT `id`,`pid`,`title` FROM `onethink_menu` WHERE ( id=143 ) LIMIT 1   [ RunTime:0.011000s ]
SQL: SELECT DISTINCT  `group` FROM `onethink_menu` WHERE ( pid = 143 )  [ RunTime:0.011000s ]
SQL: SELECT `id`,`url` FROM `onethink_menu` WHERE ( `pid` = 143 ) AND ( `hide` = 0 )  [ RunTime:0.012000s ]
SQL: SELECT `id`,`pid`,`title`,`url`,`tip` FROM `onethink_menu` WHERE ( `group` = '我的项目' ) AND ( `pid` = 143 ) AND ( `hide` = 0 ) ORDER BY sort asc  [ RunTime:0.012000s ]
SQL: SELECT `id`,`pid`,`title`,`url`,`tip` FROM `onethink_menu` WHERE ( `group` = '项目信息' ) AND ( `pid` = 143 ) AND ( `hide` = 0 ) ORDER BY sort asc  [ RunTime:0.012000s ]
INFO: [ view_parse ] --START--
INFO: [ template_filter ] --START--
INFO: Run Behavior\ContentReplace [ RunTime:0.000000s ]
INFO: [ template_filter ] --END-- [ RunTime:0.000000s ]
NOTIC: [8] Undefined variable: meta_title D:\phpStudy\WWW\ganen\oa\wwwroot\Runtime\Cache\Admin\a48b53773e2f919fc97a5c29bd441acd.php 第 5 行.
NOTIC: [8] Undefined variable: _page D:\phpStudy\WWW\ganen\oa\wwwroot\Runtime\Cache\Admin\a48b53773e2f919fc97a5c29bd441acd.php 第 149 行.
INFO: Run Behavior\ParseTemplate [ RunTime:0.013000s ]
INFO: [ view_parse ] --END-- [ RunTime:0.013000s ]
INFO: [ view_filter ] --START--
INFO: Run Behavior\WriteHtmlCache [ RunTime:0.001000s ]
INFO: [ view_filter ] --END-- [ RunTime:0.001000s ]
INFO: [ app_end ] --START--
INFO: Run Behavior\ShowPageTrace [ RunTime:0.003000s ]
INFO: [ app_end ] --END-- [ RunTime:0.004000s ]

[ 2017-07-22T19:02:13+08:00 ] 127.0.0.1 /index.php?s=/Admin/Team/add.html
SQL: SHOW COLUMNS FROM `onethink_menu` [ RunTime:0.013000s ]
SQL: SELECT * FROM `onethink_menu` WHERE ( `pid` = 0 ) AND ( `hide` = 0 ) ORDER BY sort asc  [ RunTime:0.013000s ]
SQL: SELECT `id` FROM `onethink_menu` WHERE ( url like '%Team/add%' ) LIMIT 1   [ RunTime:0.013000s ]
SQL: SHOW COLUMNS FROM `onethink_menu` [ RunTime:0.012000s ]
SQL: SELECT `id`,`pid`,`title` FROM `onethink_menu` WHERE ( id=146 ) LIMIT 1   [ RunTime:0.013000s ]
SQL: SELECT `id`,`pid`,`title` FROM `onethink_menu` WHERE ( id=143 ) LIMIT 1   [ RunTime:0.012000s ]
SQL: SELECT DISTINCT  `group` FROM `onethink_menu` WHERE ( pid = 143 )  [ RunTime:0.013000s ]
SQL: SELECT `id`,`url` FROM `onethink_menu` WHERE ( `pid` = 143 ) AND ( `hide` = 0 )  [ RunTime:0.012000s ]
SQL: SELECT `id`,`pid`,`title`,`url`,`tip` FROM `onethink_menu` WHERE ( `group` = '我的项目' ) AND ( `pid` = 143 ) AND ( `hide` = 0 ) ORDER BY sort asc  [ RunTime:0.012000s ]
SQL: SELECT `id`,`pid`,`title`,`url`,`tip` FROM `onethink_menu` WHERE ( `group` = '项目信息' ) AND ( `pid` = 143 ) AND ( `hide` = 0 ) ORDER BY sort asc  [ RunTime:0.012000s ]
SQL: SHOW COLUMNS FROM `onethink_department` [ RunTime:0.012000s ]
SQL: SELECT * FROM `onethink_department`  [ RunTime:0.013000s ]
SQL: SELECT * FROM `onethink_department`  [ RunTime:0.012000s ]
SQL: SHOW COLUMNS FROM `onethink_station` [ RunTime:0.013000s ]
SQL: SELECT * FROM `onethink_station`  [ RunTime:0.012000s ]
INFO: [ view_parse ] --START--
INFO: [ template_filter ] --START--
INFO: Run Behavior\ContentReplace [ RunTime:0.000000s ]
INFO: [ template_filter ] --END-- [ RunTime:0.000000s ]
NOTIC: [8] Undefined index: id D:\phpStudy\WWW\ganen\oa\wwwroot\Runtime\Cache\Admin\3ce07990352f1109b6a2ae1f29a78872.php 第 89 行.
NOTIC: [8] Undefined variable: find D:\phpStudy\WWW\ganen\oa\wwwroot\Runtime\Cache\Admin\3ce07990352f1109b6a2ae1f29a78872.php 第 97 行.
NOTIC: [8] Undefined variable: find D:\phpStudy\WWW\ganen\oa\wwwroot\Runtime\Cache\Admin\3ce07990352f1109b6a2ae1f29a78872.php 第 102 行.
NOTIC: [8] Undefined variable: find D:\phpStudy\WWW\ganen\oa\wwwroot\Runtime\Cache\Admin\3ce07990352f1109b6a2ae1f29a78872.php 第 107 行.
NOTIC: [8] Undefined variable: find D:\phpStudy\WWW\ganen\oa\wwwroot\Runtime\Cache\Admin\3ce07990352f1109b6a2ae1f29a78872.php 第 112 行.
NOTIC: [8] Undefined variable: find D:\phpStudy\WWW\ganen\oa\wwwroot\Runtime\Cache\Admin\3ce07990352f1109b6a2ae1f29a78872.php 第 117 行.
INFO: Run Behavior\ParseTemplate [ RunTime:0.012000s ]
INFO: [ view_parse ] --END-- [ RunTime:0.013000s ]
INFO: [ view_filter ] --START--
INFO: Run Behavior\WriteHtmlCache [ RunTime:0.000000s ]
INFO: [ view_filter ] --END-- [ RunTime:0.000000s ]
INFO: [ app_end ] --START--
INFO: Run Behavior\ShowPageTrace [ RunTime:0.000000s ]
INFO: [ app_end ] --END-- [ RunTime:0.000000s ]

[ 2017-07-22T19:02:14+08:00 ] 127.0.0.1 /index.php?s=/Admin/Team/list.html
SQL: SHOW COLUMNS FROM `onethink_menu` [ RunTime:0.011000s ]
SQL: SELECT * FROM `onethink_menu` WHERE ( `pid` = 0 ) AND ( `hide` = 0 ) ORDER BY sort asc  [ RunTime:0.011000s ]
SQL: SELECT `id` FROM `onethink_menu` WHERE ( url like '%Team/list%' ) LIMIT 1   [ RunTime:0.013000s ]
SQL: SHOW COLUMNS FROM `onethink_menu` [ RunTime:0.011000s ]
SQL: SELECT `id`,`pid`,`title` FROM `onethink_menu` WHERE ( id=147 ) LIMIT 1   [ RunTime:0.010000s ]
SQL: SELECT `id`,`pid`,`title` FROM `onethink_menu` WHERE ( id=143 ) LIMIT 1   [ RunTime:0.009000s ]
SQL: SELECT DISTINCT  `group` FROM `onethink_menu` WHERE ( pid = 143 )  [ RunTime:0.010000s ]
SQL: SELECT `id`,`url` FROM `onethink_menu` WHERE ( `pid` = 143 ) AND ( `hide` = 0 )  [ RunTime:0.010000s ]
SQL: SELECT `id`,`pid`,`title`,`url`,`tip` FROM `onethink_menu` WHERE ( `group` = '我的项目' ) AND ( `pid` = 143 ) AND ( `hide` = 0 ) ORDER BY sort asc  [ RunTime:0.010000s ]
SQL: SELECT `id`,`pid`,`title`,`url`,`tip` FROM `onethink_menu` WHERE ( `group` = '项目信息' ) AND ( `pid` = 143 ) AND ( `hide` = 0 ) ORDER BY sort asc  [ RunTime:0.010000s ]
INFO: [ view_parse ] --START--
INFO: [ template_filter ] --START--
INFO: Run Behavior\ContentReplace [ RunTime:0.000000s ]
INFO: [ template_filter ] --END-- [ RunTime:0.000000s ]
NOTIC: [8] Undefined variable: meta_title D:\phpStudy\WWW\ganen\oa\wwwroot\Runtime\Cache\Admin\a48b53773e2f919fc97a5c29bd441acd.php 第 5 行.
NOTIC: [8] Undefined variable: _page D:\phpStudy\WWW\ganen\oa\wwwroot\Runtime\Cache\Admin\a48b53773e2f919fc97a5c29bd441acd.php 第 149 行.
INFO: Run Behavior\ParseTemplate [ RunTime:0.010000s ]
INFO: [ view_parse ] --END-- [ RunTime:0.010000s ]
INFO: [ view_filter ] --START--
INFO: Run Behavior\WriteHtmlCache [ RunTime:0.001000s ]
INFO: [ view_filter ] --END-- [ RunTime:0.001000s ]
INFO: [ app_end ] --START--
INFO: Run Behavior\ShowPageTrace [ RunTime:0.000000s ]
INFO: [ app_end ] --END-- [ RunTime:0.000000s ]

[ 2017-07-22T19:02:16+08:00 ] 127.0.0.1 /index.php?s=/Admin/Team/add.html
SQL: SHOW COLUMNS FROM `onethink_menu` [ RunTime:0.015000s ]
SQL: SELECT * FROM `onethink_menu` WHERE ( `pid` = 0 ) AND ( `hide` = 0 ) ORDER BY sort asc  [ RunTime:0.015000s ]
SQL: SELECT `id` FROM `onethink_menu` WHERE ( url like '%Team/add%' ) LIMIT 1   [ RunTime:0.015000s ]
SQL: SHOW COLUMNS FROM `onethink_menu` [ RunTime:0.015000s ]
SQL: SELECT `id`,`pid`,`title` FROM `onethink_menu` WHERE ( id=146 ) LIMIT 1   [ RunTime:0.016000s ]
SQL: SELECT `id`,`pid`,`title` FROM `onethink_menu` WHERE ( id=143 ) LIMIT 1   [ RunTime:0.015000s ]
SQL: SELECT DISTINCT  `group` FROM `onethink_menu` WHERE ( pid = 143 )  [ RunTime:0.015000s ]
SQL: SELECT `id`,`url` FROM `onethink_menu` WHERE ( `pid` = 143 ) AND ( `hide` = 0 )  [ RunTime:0.015000s ]
SQL: SELECT `id`,`pid`,`title`,`url`,`tip` FROM `onethink_menu` WHERE ( `group` = '我的项目' ) AND ( `pid` = 143 ) AND ( `hide` = 0 ) ORDER BY sort asc  [ RunTime:0.015000s ]
SQL: SELECT `id`,`pid`,`title`,`url`,`tip` FROM `onethink_menu` WHERE ( `group` = '项目信息' ) AND ( `pid` = 143 ) AND ( `hide` = 0 ) ORDER BY sort asc  [ RunTime:0.015000s ]
SQL: SHOW COLUMNS FROM `onethink_department` [ RunTime:0.015000s ]
SQL: SELECT * FROM `onethink_department`  [ RunTime:0.015000s ]
SQL: SELECT * FROM `onethink_department`  [ RunTime:0.015000s ]
SQL: SHOW COLUMNS FROM `onethink_station` [ RunTime:0.015000s ]
SQL: SELECT * FROM `onethink_station`  [ RunTime:0.016000s ]
INFO: [ view_parse ] --START--
INFO: [ template_filter ] --START--
INFO: Run Behavior\ContentReplace [ RunTime:0.000000s ]
INFO: [ template_filter ] --END-- [ RunTime:0.001000s ]
NOTIC: [8] Undefined index: id D:\phpStudy\WWW\ganen\oa\wwwroot\Runtime\Cache\Admin\3ce07990352f1109b6a2ae1f29a78872.php 第 89 行.
NOTIC: [8] Undefined variable: find D:\phpStudy\WWW\ganen\oa\wwwroot\Runtime\Cache\Admin\3ce07990352f1109b6a2ae1f29a78872.php 第 97 行.
NOTIC: [8] Undefined variable: find D:\phpStudy\WWW\ganen\oa\wwwroot\Runtime\Cache\Admin\3ce07990352f1109b6a2ae1f29a78872.php 第 102 行.
NOTIC: [8] Undefined variable: find D:\phpStudy\WWW\ganen\oa\wwwroot\Runtime\Cache\Admin\3ce07990352f1109b6a2ae1f29a78872.php 第 107 行.
NOTIC: [8] Undefined variable: find D:\phpStudy\WWW\ganen\oa\wwwroot\Runtime\Cache\Admin\3ce07990352f1109b6a2ae1f29a78872.php 第 112 行.
NOTIC: [8] Undefined variable: find D:\phpStudy\WWW\ganen\oa\wwwroot\Runtime\Cache\Admin\3ce07990352f1109b6a2ae1f29a78872.php 第 117 行.
INFO: Run Behavior\ParseTemplate [ RunTime:0.012000s ]
INFO: [ view_parse ] --END-- [ RunTime:0.012000s ]
INFO: [ view_filter ] --START--
INFO: Run Behavior\WriteHtmlCache [ RunTime:0.000000s ]
INFO: [ view_filter ] --END-- [ RunTime:0.000000s ]
INFO: [ app_end ] --START--
INFO: Run Behavior\ShowPageTrace [ RunTime:0.001000s ]
INFO: [ app_end ] --END-- [ RunTime:0.001000s ]

[ 2017-07-22T19:02:18+08:00 ] 127.0.0.1 /index.php?s=/Admin/Team/list.html
SQL: SHOW COLUMNS FROM `onethink_menu` [ RunTime:0.017000s ]
SQL: SELECT * FROM `onethink_menu` WHERE ( `pid` = 0 ) AND ( `hide` = 0 ) ORDER BY sort asc  [ RunTime:0.016000s ]
SQL: SELECT `id` FROM `onethink_menu` WHERE ( url like '%Team/list%' ) LIMIT 1   [ RunTime:0.016000s ]
SQL: SHOW COLUMNS FROM `onethink_menu` [ RunTime:0.017000s ]
SQL: SELECT `id`,`pid`,`title` FROM `onethink_menu` WHERE ( id=147 ) LIMIT 1   [ RunTime:0.016000s ]
SQL: SELECT `id`,`pid`,`title` FROM `onethink_menu` WHERE ( id=143 ) LIMIT 1   [ RunTime:0.016000s ]
SQL: SELECT DISTINCT  `group` FROM `onethink_menu` WHERE ( pid = 143 )  [ RunTime:0.015000s ]
SQL: SELECT `id`,`url` FROM `onethink_menu` WHERE ( `pid` = 143 ) AND ( `hide` = 0 )  [ RunTime:0.016000s ]
SQL: SELECT `id`,`pid`,`title`,`url`,`tip` FROM `onethink_menu` WHERE ( `group` = '我的项目' ) AND ( `pid` = 143 ) AND ( `hide` = 0 ) ORDER BY sort asc  [ RunTime:0.018000s ]
SQL: SELECT `id`,`pid`,`title`,`url`,`tip` FROM `onethink_menu` WHERE ( `group` = '项目信息' ) AND ( `pid` = 143 ) AND ( `hide` = 0 ) ORDER BY sort asc  [ RunTime:0.016000s ]
INFO: [ view_parse ] --START--
INFO: [ template_filter ] --START--
INFO: Run Behavior\ContentReplace [ RunTime:0.000000s ]
INFO: [ template_filter ] --END-- [ RunTime:0.000000s ]
NOTIC: [8] Undefined variable: meta_title D:\phpStudy\WWW\ganen\oa\wwwroot\Runtime\Cache\Admin\a48b53773e2f919fc97a5c29bd441acd.php 第 5 行.
NOTIC: [8] Undefined variable: _page D:\phpStudy\WWW\ganen\oa\wwwroot\Runtime\Cache\Admin\a48b53773e2f919fc97a5c29bd441acd.php 第 149 行.
INFO: Run Behavior\ParseTemplate [ RunTime:0.014000s ]
INFO: [ view_parse ] --END-- [ RunTime:0.014000s ]
INFO: [ view_filter ] --START--
INFO: Run Behavior\WriteHtmlCache [ RunTime:0.001000s ]
INFO: [ view_filter ] --END-- [ RunTime:0.001000s ]
INFO: [ app_end ] --START--
INFO: Run Behavior\ShowPageTrace [ RunTime:0.000000s ]
INFO: [ app_end ] --END-- [ RunTime:0.000000s ]

[ 2017-07-22T19:02:20+08:00 ] 127.0.0.1 /index.php?s=/Admin/Appro/index.html
SQL: SHOW COLUMNS FROM `onethink_menu` [ RunTime:0.015000s ]
SQL: SELECT * FROM `onethink_menu` WHERE ( `pid` = 0 ) AND ( `hide` = 0 ) ORDER BY sort asc  [ RunTime:0.014000s ]
SQL: SELECT `id` FROM `onethink_menu` WHERE ( url like '%Appro/index%' ) LIMIT 1   [ RunTime:0.014000s ]
SQL: SHOW COLUMNS FROM `onethink_menu` [ RunTime:0.014000s ]
SQL: SELECT `id`,`pid`,`title` FROM `onethink_menu` WHERE ( id=125 ) LIMIT 1   [ RunTime:0.013000s ]
SQL: SELECT DISTINCT  `group` FROM `onethink_menu` WHERE ( pid = 125 )  [ RunTime:0.013000s ]
SQL: SELECT `id`,`url` FROM `onethink_menu` WHERE ( `pid` = 125 ) AND ( `hide` = 0 )  [ RunTime:0.013000s ]
SQL: SELECT `id`,`pid`,`title`,`url`,`tip` FROM `onethink_menu` WHERE ( `group` = '审批管理' ) AND ( `pid` = 125 ) AND ( `hide` = 0 ) ORDER BY sort asc  [ RunTime:0.013000s ]
SQL: SELECT `id`,`pid`,`title`,`url`,`tip` FROM `onethink_menu` WHERE ( `group` = '我的' ) AND ( `pid` = 125 ) AND ( `hide` = 0 ) ORDER BY sort asc  [ RunTime:0.013000s ]
SQL: SHOW COLUMNS FROM `onethink_member` [ RunTime:0.014000s ]
SQL: SELECT COUNT(*) AS tp_count FROM `onethink_member` WHERE ( `status` >= 0 ) AND ( `nickname` LIKE '%%' ) LIMIT 1   [ RunTime:0.013000s ]
SQL: SELECT `uid`,`nickname`,`sex`,`birthday`,`qq`,`score`,`login`,`reg_ip`,`reg_time`,`last_login_ip`,`last_login_time`,`status` FROM `onethink_member` WHERE ( `status` >= 0 ) AND ( `nickname` LIKE '%%' ) ORDER BY uid desc LIMIT 0,10   [ RunTime:0.013000s ]
INFO: [ view_parse ] --START--
INFO: [ template_filter ] --START--
INFO: Run Behavior\ContentReplace [ RunTime:0.000000s ]
INFO: [ template_filter ] --END-- [ RunTime:0.000000s ]
NOTIC: [8] Undefined index: realname D:\phpStudy\WWW\ganen\oa\wwwroot\Runtime\Cache\Admin\17e656a79b68ccb456b4590473af9f41.php 第 140 行.
NOTIC: [8] Undefined index: phone D:\phpStudy\WWW\ganen\oa\wwwroot\Runtime\Cache\Admin\17e656a79b68ccb456b4590473af9f41.php 第 143 行.
NOTIC: [8] Undefined index: entrytime D:\phpStudy\WWW\ganen\oa\wwwroot\Runtime\Cache\Admin\17e656a79b68ccb456b4590473af9f41.php 第 144 行.
NOTIC: [8] Undefined index: political D:\phpStudy\WWW\ganen\oa\wwwroot\Runtime\Cache\Admin\17e656a79b68ccb456b4590473af9f41.php 第 145 行.
NOTIC: [8] Undefined index: topeducation D:\phpStudy\WWW\ganen\oa\wwwroot\Runtime\Cache\Admin\17e656a79b68ccb456b4590473af9f41.php 第 146 行.
NOTIC: [8] Undefined index: major D:\phpStudy\WWW\ganen\oa\wwwroot\Runtime\Cache\Admin\17e656a79b68ccb456b4590473af9f41.php 第 147 行.
NOTIC: [8] Undefined index: nation D:\phpStudy\WWW\ganen\oa\wwwroot\Runtime\Cache\Admin\17e656a79b68ccb456b4590473af9f41.php 第 149 行.
NOTIC: [8] Undefined index: IDnumber D:\phpStudy\WWW\ganen\oa\wwwroot\Runtime\Cache\Admin\17e656a79b68ccb456b4590473af9f41.php 第 150 行.
NOTIC: [8] Undefined index: matrimonial D:\phpStudy\WWW\ganen\oa\wwwroot\Runtime\Cache\Admin\17e656a79b68ccb456b4590473af9f41.php 第 151 行.
NOTIC: [8] Undefined index: criticalname D:\phpStudy\WWW\ganen\oa\wwwroot\Runtime\Cache\Admin\17e656a79b68ccb456b4590473af9f41.php 第 152 行.
NOTIC: [8] Undefined index: criticalphone D:\phpStudy\WWW\ganen\oa\wwwroot\Runtime\Cache\Admin\17e656a79b68ccb456b4590473af9f41.php 第 152 行.
NOTIC: [8] Undefined index: nativeplace D:\phpStudy\WWW\ganen\oa\wwwroot\Runtime\Cache\Admin\17e656a79b68ccb456b4590473af9f41.php 第 153 行.
NOTIC: [8] Undefined index: hobbies D:\phpStudy\WWW\ganen\oa\wwwroot\Runtime\Cache\Admin\17e656a79b68ccb456b4590473af9f41.php 第 154 行.
NOTIC: [8] Undefined index: nowliveplace D:\phpStudy\WWW\ganen\oa\wwwroot\Runtime\Cache\Admin\17e656a79b68ccb456b4590473af9f41.php 第 155 行.
NOTIC: [8] Undefined index: worktime D:\phpStudy\WWW\ganen\oa\wwwroot\Runtime\Cache\Admin\17e656a79b68ccb456b4590473af9f41.php 第 156 行.
NOTIC: [8] Undefined index: trysalary D:\phpStudy\WWW\ganen\oa\wwwroot\Runtime\Cache\Admin\17e656a79b68ccb456b4590473af9f41.php 第 157 行.
INFO: Run Behavior\ParseTemplate [ RunTime:0.014000s ]
INFO: [ view_parse ] --END-- [ RunTime:0.014000s ]
INFO: [ view_filter ] --START--
INFO: Run Behavior\WriteHtmlCache [ RunTime:0.001000s ]
INFO: [ view_filter ] --END-- [ RunTime:0.001000s ]
INFO: [ app_end ] --START--
INFO: Run Behavior\ShowPageTrace [ RunTime:0.000000s ]
INFO: [ app_end ] --END-- [ RunTime:0.000000s ]

[ 2017-07-22T19:02:22+08:00 ] 127.0.0.1 /index.php?s=/Admin/Mine/index.html
SQL: SHOW COLUMNS FROM `onethink_menu` [ RunTime:0.011000s ]
SQL: SELECT * FROM `onethink_menu` WHERE ( `pid` = 0 ) AND ( `hide` = 0 ) ORDER BY sort asc  [ RunTime:0.010000s ]
SQL: SELECT `id` FROM `onethink_menu` WHERE ( url like '%Mine/index%' ) LIMIT 1   [ RunTime:0.010000s ]
SQL: SHOW COLUMNS FROM `onethink_menu` [ RunTime:0.013000s ]
SQL: SELECT `id`,`pid`,`title` FROM `onethink_menu` WHERE ( id=141 ) LIMIT 1   [ RunTime:0.023000s ]
SQL: SELECT `id`,`pid`,`title` FROM `onethink_menu` WHERE ( id=125 ) LIMIT 1   [ RunTime:0.010000s ]
SQL: SELECT DISTINCT  `group` FROM `onethink_menu` WHERE ( pid = 125 )  [ RunTime:0.010000s ]
SQL: SELECT `id`,`url` FROM `onethink_menu` WHERE ( `pid` = 125 ) AND ( `hide` = 0 )  [ RunTime:0.010000s ]
SQL: SELECT `id`,`pid`,`title`,`url`,`tip` FROM `onethink_menu` WHERE ( `group` = '审批管理' ) AND ( `pid` = 125 ) AND ( `hide` = 0 ) ORDER BY sort asc  [ RunTime:0.010000s ]
SQL: SELECT `id`,`pid`,`title`,`url`,`tip` FROM `onethink_menu` WHERE ( `group` = '我的' ) AND ( `pid` = 125 ) AND ( `hide` = 0 ) ORDER BY sort asc  [ RunTime:0.010000s ]
SQL: SHOW COLUMNS FROM `onethink_member` [ RunTime:0.010000s ]
SQL: SELECT COUNT(*) AS tp_count FROM `onethink_member` WHERE ( `status` >= 0 ) AND ( `nickname` LIKE '%%' ) LIMIT 1   [ RunTime:0.009000s ]
SQL: SELECT `uid`,`nickname`,`sex`,`birthday`,`qq`,`score`,`login`,`reg_ip`,`reg_time`,`last_login_ip`,`last_login_time`,`status` FROM `onethink_member` WHERE ( `status` >= 0 ) AND ( `nickname` LIKE '%%' ) ORDER BY uid desc LIMIT 0,10   [ RunTime:0.010000s ]
INFO: [ view_parse ] --START--
INFO: [ template_filter ] --START--
INFO: Run Behavior\ContentReplace [ RunTime:0.001000s ]
INFO: [ template_filter ] --END-- [ RunTime:0.001000s ]
NOTIC: [8] Undefined index: aid D:\phpStudy\WWW\ganen\oa\wwwroot\Runtime\Cache\Admin\41770d95bbb76781f72a771d9a998533.php 第 128 行.
NOTIC: [8] Undefined index: name D:\phpStudy\WWW\ganen\oa\wwwroot\Runtime\Cache\Admin\41770d95bbb76781f72a771d9a998533.php 第 129 行.
NOTIC: [8] Undefined index: time D:\phpStudy\WWW\ganen\oa\wwwroot\Runtime\Cache\Admin\41770d95bbb76781f72a771d9a998533.php 第 130 行.
NOTIC: [8] Undefined index: atime D:\phpStudy\WWW\ganen\oa\wwwroot\Runtime\Cache\Admin\41770d95bbb76781f72a771d9a998533.php 第 131 行.
INFO: Run Behavior\ParseTemplate [ RunTime:0.011000s ]
INFO: [ view_parse ] --END-- [ RunTime:0.011000s ]
INFO: [ view_filter ] --START--
INFO: Run Behavior\WriteHtmlCache [ RunTime:0.000000s ]
INFO: [ view_filter ] --END-- [ RunTime:0.000000s ]
INFO: [ app_end ] --START--
INFO: Run Behavior\ShowPageTrace [ RunTime:0.000000s ]
INFO: [ app_end ] --END-- [ RunTime:0.000000s ]

[ 2017-07-22T19:02:23+08:00 ] 127.0.0.1 /index.php?s=/Admin/Mine/wait.html
SQL: SHOW COLUMNS FROM `onethink_menu` [ RunTime:0.014000s ]
SQL: SELECT * FROM `onethink_menu` WHERE ( `pid` = 0 ) AND ( `hide` = 0 ) ORDER BY sort asc  [ RunTime:0.013000s ]
SQL: SELECT `id` FROM `onethink_menu` WHERE ( url like '%Mine/wait%' ) LIMIT 1   [ RunTime:0.013000s ]
SQL: SHOW COLUMNS FROM `onethink_menu` [ RunTime:0.014000s ]
SQL: SELECT `id`,`pid`,`title` FROM `onethink_menu` WHERE ( id=142 ) LIMIT 1   [ RunTime:0.013000s ]
SQL: SELECT `id`,`pid`,`title` FROM `onethink_menu` WHERE ( id=125 ) LIMIT 1   [ RunTime:0.014000s ]
SQL: SELECT DISTINCT  `group` FROM `onethink_menu` WHERE ( pid = 125 )  [ RunTime:0.013000s ]
SQL: SELECT `id`,`url` FROM `onethink_menu` WHERE ( `pid` = 125 ) AND ( `hide` = 0 )  [ RunTime:0.013000s ]
SQL: SELECT `id`,`pid`,`title`,`url`,`tip` FROM `onethink_menu` WHERE ( `group` = '审批管理' ) AND ( `pid` = 125 ) AND ( `hide` = 0 ) ORDER BY sort asc  [ RunTime:0.013000s ]
SQL: SELECT `id`,`pid`,`title`,`url`,`tip` FROM `onethink_menu` WHERE ( `group` = '我的' ) AND ( `pid` = 125 ) AND ( `hide` = 0 ) ORDER BY sort asc  [ RunTime:0.014000s ]
INFO: [ view_parse ] --START--
INFO: [ template_filter ] --START--
INFO: Run Behavior\ContentReplace [ RunTime:0.000000s ]
INFO: [ template_filter ] --END-- [ RunTime:0.000000s ]
NOTIC: [8] Undefined variable: meta_title D:\phpStudy\WWW\ganen\oa\wwwroot\Runtime\Cache\Admin\b6707fcb29060a05d617055ff2367269.php 第 5 行.
NOTIC: [8] Undefined variable: _page D:\phpStudy\WWW\ganen\oa\wwwroot\Runtime\Cache\Admin\b6707fcb29060a05d617055ff2367269.php 第 147 行.
INFO: Run Behavior\ParseTemplate [ RunTime:0.013000s ]
INFO: [ view_parse ] --END-- [ RunTime:0.013000s ]
INFO: [ view_filter ] --START--
INFO: Run Behavior\WriteHtmlCache [ RunTime:0.000000s ]
INFO: [ view_filter ] --END-- [ RunTime:0.000000s ]
INFO: [ app_end ] --START--
INFO: Run Behavior\ShowPageTrace [ RunTime:0.001000s ]
INFO: [ app_end ] --END-- [ RunTime:0.001000s ]

[ 2017-07-22T19:02:24+08:00 ] 127.0.0.1 /index.php?s=/Admin/Mine/add.html
SQL: SHOW COLUMNS FROM `onethink_menu` [ RunTime:0.011000s ]
SQL: SELECT * FROM `onethink_menu` WHERE ( `pid` = 0 ) AND ( `hide` = 0 ) ORDER BY sort asc  [ RunTime:0.011000s ]
SQL: SELECT `id` FROM `onethink_menu` WHERE ( url like '%Mine/add%' ) LIMIT 1   [ RunTime:0.011000s ]
SQL: SHOW COLUMNS FROM `onethink_menu` [ RunTime:0.011000s ]
SQL: SELECT `id`,`pid`,`title` FROM `onethink_menu` WHERE ( id=154 ) LIMIT 1   [ RunTime:0.011000s ]
SQL: SELECT `id`,`pid`,`title` FROM `onethink_menu` WHERE ( id=125 ) LIMIT 1   [ RunTime:0.011000s ]
SQL: SELECT DISTINCT  `group` FROM `onethink_menu` WHERE ( pid = 125 )  [ RunTime:0.011000s ]
SQL: SELECT `id`,`url` FROM `onethink_menu` WHERE ( `pid` = 125 ) AND ( `hide` = 0 )  [ RunTime:0.011000s ]
SQL: SELECT `id`,`pid`,`title`,`url`,`tip` FROM `onethink_menu` WHERE ( `group` = '审批管理' ) AND ( `pid` = 125 ) AND ( `hide` = 0 ) ORDER BY sort asc  [ RunTime:0.011000s ]
SQL: SELECT `id`,`pid`,`title`,`url`,`tip` FROM `onethink_menu` WHERE ( `group` = '我的' ) AND ( `pid` = 125 ) AND ( `hide` = 0 ) ORDER BY sort asc  [ RunTime:0.010000s ]
SQL: SHOW COLUMNS FROM `onethink_department` [ RunTime:0.011000s ]
SQL: SELECT * FROM `onethink_department`  [ RunTime:0.011000s ]
SQL: SELECT * FROM `onethink_department`  [ RunTime:0.010000s ]
SQL: SHOW COLUMNS FROM `onethink_station` [ RunTime:0.012000s ]
SQL: SELECT * FROM `onethink_station`  [ RunTime:0.010000s ]
INFO: [ view_parse ] --START--
INFO: [ template_filter ] --START--
INFO: Run Behavior\ContentReplace [ RunTime:0.000000s ]
INFO: [ template_filter ] --END-- [ RunTime:0.000000s ]
NOTIC: [8] Undefined index: id D:\phpStudy\WWW\ganen\oa\wwwroot\Runtime\Cache\Admin\a54a8eda63e2f542a5fcbb12de89174e.php 第 89 行.
INFO: Run Behavior\ParseTemplate [ RunTime:0.013000s ]
INFO: [ view_parse ] --END-- [ RunTime:0.013000s ]
INFO: [ view_filter ] --START--
INFO: Run Behavior\WriteHtmlCache [ RunTime:0.000000s ]
INFO: [ view_filter ] --END-- [ RunTime:0.000000s ]
INFO: [ app_end ] --START--
INFO: Run Behavior\ShowPageTrace [ RunTime:0.001000s ]
INFO: [ app_end ] --END-- [ RunTime:0.001000s ]

[ 2017-07-22T19:02:28+08:00 ] 127.0.0.1 /index.php?s=/Admin/Mine/index.html
SQL: SHOW COLUMNS FROM `onethink_menu` [ RunTime:0.013000s ]
SQL: SELECT * FROM `onethink_menu` WHERE ( `pid` = 0 ) AND ( `hide` = 0 ) ORDER BY sort asc  [ RunTime:0.013000s ]
SQL: SELECT `id` FROM `onethink_menu` WHERE ( url like '%Mine/index%' ) LIMIT 1   [ RunTime:0.012000s ]
SQL: SHOW COLUMNS FROM `onethink_menu` [ RunTime:0.013000s ]
SQL: SELECT `id`,`pid`,`title` FROM `onethink_menu` WHERE ( id=141 ) LIMIT 1   [ RunTime:0.013000s ]
SQL: SELECT `id`,`pid`,`title` FROM `onethink_menu` WHERE ( id=125 ) LIMIT 1   [ RunTime:0.012000s ]
SQL: SELECT DISTINCT  `group` FROM `onethink_menu` WHERE ( pid = 125 )  [ RunTime:0.012000s ]
SQL: SELECT `id`,`url` FROM `onethink_menu` WHERE ( `pid` = 125 ) AND ( `hide` = 0 )  [ RunTime:0.013000s ]
SQL: SELECT `id`,`pid`,`title`,`url`,`tip` FROM `onethink_menu` WHERE ( `group` = '审批管理' ) AND ( `pid` = 125 ) AND ( `hide` = 0 ) ORDER BY sort asc  [ RunTime:0.012000s ]
SQL: SELECT `id`,`pid`,`title`,`url`,`tip` FROM `onethink_menu` WHERE ( `group` = '我的' ) AND ( `pid` = 125 ) AND ( `hide` = 0 ) ORDER BY sort asc  [ RunTime:0.013000s ]
SQL: SHOW COLUMNS FROM `onethink_member` [ RunTime:0.013000s ]
SQL: SELECT COUNT(*) AS tp_count FROM `onethink_member` WHERE ( `status` >= 0 ) AND ( `nickname` LIKE '%%' ) LIMIT 1   [ RunTime:0.011000s ]
SQL: SELECT `uid`,`nickname`,`sex`,`birthday`,`qq`,`score`,`login`,`reg_ip`,`reg_time`,`last_login_ip`,`last_login_time`,`status` FROM `onethink_member` WHERE ( `status` >= 0 ) AND ( `nickname` LIKE '%%' ) ORDER BY uid desc LIMIT 0,10   [ RunTime:0.012000s ]
INFO: [ view_parse ] --START--
INFO: [ template_filter ] --START--
INFO: Run Behavior\ContentReplace [ RunTime:0.000000s ]
INFO: [ template_filter ] --END-- [ RunTime:0.000000s ]
NOTIC: [8] Undefined index: aid D:\phpStudy\WWW\ganen\oa\wwwroot\Runtime\Cache\Admin\41770d95bbb76781f72a771d9a998533.php 第 128 行.
NOTIC: [8] Undefined index: name D:\phpStudy\WWW\ganen\oa\wwwroot\Runtime\Cache\Admin\41770d95bbb76781f72a771d9a998533.php 第 129 行.
NOTIC: [8] Undefined index: time D:\phpStudy\WWW\ganen\oa\wwwroot\Runtime\Cache\Admin\41770d95bbb76781f72a771d9a998533.php 第 130 行.
NOTIC: [8] Undefined index: atime D:\phpStudy\WWW\ganen\oa\wwwroot\Runtime\Cache\Admin\41770d95bbb76781f72a771d9a998533.php 第 131 行.
INFO: Run Behavior\ParseTemplate [ RunTime:0.014000s ]
INFO: [ view_parse ] --END-- [ RunTime:0.014000s ]
INFO: [ view_filter ] --START--
INFO: Run Behavior\WriteHtmlCache [ RunTime:0.000000s ]
INFO: [ view_filter ] --END-- [ RunTime:0.000000s ]
INFO: [ app_end ] --START--
INFO: Run Behavior\ShowPageTrace [ RunTime:0.001000s ]
INFO: [ app_end ] --END-- [ RunTime:0.001000s ]

[ 2017-07-22T19:02:29+08:00 ] 127.0.0.1 /index.php?s=/Admin/Mine/wait.html
SQL: SHOW COLUMNS FROM `onethink_menu` [ RunTime:0.013000s ]
SQL: SELECT * FROM `onethink_menu` WHERE ( `pid` = 0 ) AND ( `hide` = 0 ) ORDER BY sort asc  [ RunTime:0.012000s ]
SQL: SELECT `id` FROM `onethink_menu` WHERE ( url like '%Mine/wait%' ) LIMIT 1   [ RunTime:0.011000s ]
SQL: SHOW COLUMNS FROM `onethink_menu` [ RunTime:0.011000s ]
SQL: SELECT `id`,`pid`,`title` FROM `onethink_menu` WHERE ( id=142 ) LIMIT 1   [ RunTime:0.011000s ]
SQL: SELECT `id`,`pid`,`title` FROM `onethink_menu` WHERE ( id=125 ) LIMIT 1   [ RunTime:0.011000s ]
SQL: SELECT DISTINCT  `group` FROM `onethink_menu` WHERE ( pid = 125 )  [ RunTime:0.011000s ]
SQL: SELECT `id`,`url` FROM `onethink_menu` WHERE ( `pid` = 125 ) AND ( `hide` = 0 )  [ RunTime:0.011000s ]
SQL: SELECT `id`,`pid`,`title`,`url`,`tip` FROM `onethink_menu` WHERE ( `group` = '审批管理' ) AND ( `pid` = 125 ) AND ( `hide` = 0 ) ORDER BY sort asc  [ RunTime:0.011000s ]
SQL: SELECT `id`,`pid`,`title`,`url`,`tip` FROM `onethink_menu` WHERE ( `group` = '我的' ) AND ( `pid` = 125 ) AND ( `hide` = 0 ) ORDER BY sort asc  [ RunTime:0.011000s ]
INFO: [ view_parse ] --START--
INFO: [ template_filter ] --START--
INFO: Run Behavior\ContentReplace [ RunTime:0.000000s ]
INFO: [ template_filter ] --END-- [ RunTime:0.000000s ]
NOTIC: [8] Undefined variable: meta_title D:\phpStudy\WWW\ganen\oa\wwwroot\Runtime\Cache\Admin\b6707fcb29060a05d617055ff2367269.php 第 5 行.
NOTIC: [8] Undefined variable: _page D:\phpStudy\WWW\ganen\oa\wwwroot\Runtime\Cache\Admin\b6707fcb29060a05d617055ff2367269.php 第 147 行.
INFO: Run Behavior\ParseTemplate [ RunTime:0.011000s ]
INFO: [ view_parse ] --END-- [ RunTime:0.011000s ]
INFO: [ view_filter ] --START--
INFO: Run Behavior\WriteHtmlCache [ RunTime:0.000000s ]
INFO: [ view_filter ] --END-- [ RunTime:0.000000s ]
INFO: [ app_end ] --START--
INFO: Run Behavior\ShowPageTrace [ RunTime:0.001000s ]
INFO: [ app_end ] --END-- [ RunTime:0.001000s ]

[ 2017-07-22T19:02:30+08:00 ] 127.0.0.1 /index.php?s=/Admin/Mine/add.html
SQL: SHOW COLUMNS FROM `onethink_menu` [ RunTime:0.016000s ]
SQL: SELECT * FROM `onethink_menu` WHERE ( `pid` = 0 ) AND ( `hide` = 0 ) ORDER BY sort asc  [ RunTime:0.017000s ]
SQL: SELECT `id` FROM `onethink_menu` WHERE ( url like '%Mine/add%' ) LIMIT 1   [ RunTime:0.016000s ]
SQL: SHOW COLUMNS FROM `onethink_menu` [ RunTime:0.016000s ]
SQL: SELECT `id`,`pid`,`title` FROM `onethink_menu` WHERE ( id=154 ) LIMIT 1   [ RunTime:0.016000s ]
SQL: SELECT `id`,`pid`,`title` FROM `onethink_menu` WHERE ( id=125 ) LIMIT 1   [ RunTime:0.018000s ]
SQL: SELECT DISTINCT  `group` FROM `onethink_menu` WHERE ( pid = 125 )  [ RunTime:0.016000s ]
SQL: SELECT `id`,`url` FROM `onethink_menu` WHERE ( `pid` = 125 ) AND ( `hide` = 0 )  [ RunTime:0.019000s ]
SQL: SELECT `id`,`pid`,`title`,`url`,`tip` FROM `onethink_menu` WHERE ( `group` = '审批管理' ) AND ( `pid` = 125 ) AND ( `hide` = 0 ) ORDER BY sort asc  [ RunTime:0.016000s ]
SQL: SELECT `id`,`pid`,`title`,`url`,`tip` FROM `onethink_menu` WHERE ( `group` = '我的' ) AND ( `pid` = 125 ) AND ( `hide` = 0 ) ORDER BY sort asc  [ RunTime:0.016000s ]
SQL: SHOW COLUMNS FROM `onethink_department` [ RunTime:0.016000s ]
SQL: SELECT * FROM `onethink_department`  [ RunTime:0.017000s ]
SQL: SELECT * FROM `onethink_department`  [ RunTime:0.016000s ]
SQL: SHOW COLUMNS FROM `onethink_station` [ RunTime:0.016000s ]
SQL: SELECT * FROM `onethink_station`  [ RunTime:0.015000s ]
INFO: [ view_parse ] --START--
INFO: [ template_filter ] --START--
INFO: Run Behavior\ContentReplace [ RunTime:0.000000s ]
INFO: [ template_filter ] --END-- [ RunTime:0.000000s ]
NOTIC: [8] Undefined index: id D:\phpStudy\WWW\ganen\oa\wwwroot\Runtime\Cache\Admin\a54a8eda63e2f542a5fcbb12de89174e.php 第 89 行.
INFO: Run Behavior\ParseTemplate [ RunTime:0.011000s ]
INFO: [ view_parse ] --END-- [ RunTime:0.011000s ]
INFO: [ view_filter ] --START--
INFO: Run Behavior\WriteHtmlCache [ RunTime:0.000000s ]
INFO: [ view_filter ] --END-- [ RunTime:0.000000s ]
INFO: [ app_end ] --START--
INFO: Run Behavior\ShowPageTrace [ RunTime:0.001000s ]
INFO: [ app_end ] --END-- [ RunTime:0.001000s ]

